14:59:56 INFO  : Registering command handlers for SDK TCF services
14:59:58 INFO  : Launching XSCT server: xsct.bat -interactive C:\Zynq_Book\rtos_task_management\rtos_task_management.sdk\temp_xsdb_launch_script.tcl
15:00:03 INFO  : XSCT server has started successfully.
15:00:05 INFO  : Successfully done setting XSCT server connection channel  
15:00:05 INFO  : Successfully done setting SDK workspace  
15:00:05 INFO  : Processing command line option -hwspec C:/Zynq_Book/rtos_task_management/rtos_task_management.sdk/zynq_dualchannel_system_wrapper.hdf.
16:45:32 INFO  : Launching XSCT server: xsct.bat -interactive C:\Zynq_Book\rtos_task_management\rtos_task_management.sdk\temp_xsdb_launch_script.tcl
16:45:36 INFO  : XSCT server has started successfully.
16:45:45 INFO  : Successfully done setting XSCT server connection channel  
16:45:45 INFO  : Successfully done setting SDK workspace  
16:45:51 INFO  : Registering command handlers for SDK TCF services
16:45:52 INFO  : Processing command line option -hwspec C:/Zynq_Book/rtos_task_management/rtos_task_management.sdk/zynq_dualchannel_system_wrapper.hdf.
16:45:53 INFO  : Checking for hwspec changes in the project zynq_dualchannel_system_wrapper_hw_platform_0.
16:45:53 INFO  : SDK has detected change in the last modified timestamps for source hardware specification file Source:1600201789026,  Project:1600194330031
16:45:53 INFO  : The hardware specification for project 'zynq_dualchannel_system_wrapper_hw_platform_0' is different from C:/Zynq_Book/rtos_task_management/rtos_task_management.sdk/zynq_dualchannel_system_wrapper.hdf.
16:45:54 INFO  : Copied contents of C:/Zynq_Book/rtos_task_management/rtos_task_management.sdk/zynq_dualchannel_system_wrapper.hdf into \zynq_dualchannel_system_wrapper_hw_platform_0\system.hdf.
16:45:59 INFO  : Synchronizing projects in the workspace with the hardware platform specification changes.
16:46:00 INFO  : Clearing existing target manager status.
16:46:00 INFO  : Workspace synchronized with the new hardware specification file. Cleaning dependent projects...
16:46:00 WARN  : Linker script will not be updated automatically. Users need to update it manually.
16:52:18 INFO  : Registering command handlers for SDK TCF services
16:52:20 INFO  : Launching XSCT server: xsct.bat -interactive C:\Zynq_Book\rtos_task_management\rtos_task_management.sdk\temp_xsdb_launch_script.tcl
16:52:26 INFO  : XSCT server has started successfully.
16:52:27 INFO  : Successfully done setting XSCT server connection channel  
16:52:27 INFO  : Successfully done setting SDK workspace  
16:52:27 INFO  : Processing command line option -hwspec C:/Zynq_Book/rtos_task_management/rtos_task_management.sdk/zynq_dualchannel_system_wrapper.hdf.
16:52:27 INFO  : Checking for hwspec changes in the project zynq_dualchannel_system_wrapper_hw_platform_0.
16:52:37 INFO  : SDK has detected change in the last modified timestamps for source hardware specification file Source:1600202981185,  Project:1600201789026
16:52:37 INFO  : The hardware specification for project 'zynq_dualchannel_system_wrapper_hw_platform_0' is different from C:/Zynq_Book/rtos_task_management/rtos_task_management.sdk/zynq_dualchannel_system_wrapper.hdf.
16:52:37 INFO  : Copied contents of C:/Zynq_Book/rtos_task_management/rtos_task_management.sdk/zynq_dualchannel_system_wrapper.hdf into \zynq_dualchannel_system_wrapper_hw_platform_0\system.hdf.
16:52:45 INFO  : Synchronizing projects in the workspace with the hardware platform specification changes.
16:52:46 INFO  : Clearing existing target manager status.
16:52:46 INFO  : Workspace synchronized with the new hardware specification file. Cleaning dependent projects...
16:52:46 WARN  : Linker script will not be updated automatically. Users need to update it manually.
19:48:14 INFO  : Connected to target on host '127.0.0.1' and port '3121'.
19:48:16 INFO  : 'targets -set -filter {jtag_cable_name =~ "Digilent Zybo 210279759083A" && level==0} -index 1' command is executed.
19:48:17 INFO  : FPGA configured successfully with bitstream "C:/Zynq_Book/rtos_task_management/rtos_task_management.sdk/zynq_dualchannel_system_wrapper_hw_platform_0/zynq_dualchannel_system_wrapper.bit"
